This file contains any messages produced by compilers while
running configure, to aid debugging if configure makes a mistake.

It was created by LTFAT configure 2.5.0, which was
generated by GNU Autoconf 2.69.  Invocation command line was

  $ ./configure 

## --------- ##
## Platform. ##
## --------- ##

hostname = allthatsounds
uname -m = x86_64
uname -r = 6.5.8-arch1-1
uname -s = Linux
uname -v = #1 SMP PREEMPT_DYNAMIC Thu, 19 Oct 2023 22:52:14 +0000

/usr/bin/uname -p = unknown
/bin/uname -X     = unknown

/bin/arch              = unknown
/usr/bin/arch -k       = unknown
/usr/convex/getsysinfo = unknown
/usr/bin/hostinfo      = unknown
/bin/machine           = unknown
/usr/bin/oslevel       = unknown
/bin/universe          = unknown

PATH: /usr/local/bin
PATH: /usr/bin
PATH: /bin
PATH: /usr/local/sbin
PATH: /usr/lib/jvm/default/bin
PATH: /usr/bin/site_perl
PATH: /usr/bin/vendor_perl
PATH: /usr/bin/core_perl


## ----------- ##
## Core tests. ##
## ----------- ##

configure:1884: checking for gcc
configure:1900: found /usr/bin/gcc
configure:1911: result: gcc
configure:2140: checking for C compiler version
configure:2149: gcc --version >&5
gcc (GCC) 13.2.1 20230801
Copyright (C) 2023 Free Software Foundation, Inc.
This is free software; see the source for copying conditions.  There is NO
warranty; not even for MERCHANTABILITY or FITNESS FOR A PARTICULAR PURPOSE.

configure:2160: $? = 0
configure:2149: gcc -v >&5
Using built-in specs.
COLLECT_GCC=gcc
COLLECT_LTO_WRAPPER=/usr/lib/gcc/x86_64-pc-linux-gnu/13.2.1/lto-wrapper
Target: x86_64-pc-linux-gnu
Configured with: /build/gcc/src/gcc/configure --enable-languages=ada,c,c++,d,fortran,go,lto,objc,obj-c++ --enable-bootstrap --prefix=/usr --libdir=/usr/lib --libexecdir=/usr/lib --mandir=/usr/share/man --infodir=/usr/share/info --with-bugurl=https://bugs.archlinux.org/ --with-build-config=bootstrap-lto --with-linker-hash-style=gnu --with-system-zlib --enable-__cxa_atexit --enable-cet=auto --enable-checking=release --enable-clocale=gnu --enable-default-pie --enable-default-ssp --enable-gnu-indirect-function --enable-gnu-unique-object --enable-libstdcxx-backtrace --enable-link-serialization=1 --enable-linker-build-id --enable-lto --enable-multilib --enable-plugin --enable-shared --enable-threads=posix --disable-libssp --disable-libstdcxx-pch --disable-werror
Thread model: posix
Supported LTO compression algorithms: zlib zstd
gcc version 13.2.1 20230801 (GCC) 
configure:2160: $? = 0
configure:2149: gcc -V >&5
gcc: error: unrecognized command-line option '-V'
gcc: fatal error: no input files
compilation terminated.
configure:2160: $? = 1
configure:2149: gcc -qversion >&5
gcc: error: unrecognized command-line option '-qversion'; did you mean '--version'?
gcc: fatal error: no input files
compilation terminated.
configure:2160: $? = 1
configure:2180: checking whether the C compiler works
configure:2202: gcc    conftest.c  >&5
configure:2206: $? = 0
configure:2254: result: yes
configure:2257: checking for C compiler default output file name
configure:2259: result: a.out
configure:2265: checking for suffix of executables
configure:2272: gcc -o conftest    conftest.c  >&5
configure:2276: $? = 0
configure:2298: result: 
configure:2320: checking whether we are cross compiling
configure:2328: gcc -o conftest    conftest.c  >&5
configure:2332: $? = 0
configure:2339: ./conftest
configure:2343: $? = 0
configure:2358: result: no
configure:2363: checking for suffix of object files
configure:2385: gcc -c   conftest.c >&5
configure:2389: $? = 0
configure:2410: result: o
configure:2414: checking whether we are using the GNU C compiler
configure:2433: gcc -c   conftest.c >&5
configure:2433: $? = 0
configure:2442: result: yes
configure:2451: checking whether gcc accepts -g
configure:2471: gcc -c -g  conftest.c >&5
configure:2471: $? = 0
configure:2512: result: yes
configure:2529: checking for gcc option to accept ISO C89
configure:2592: gcc  -c -g -O2  conftest.c >&5
configure:2592: $? = 0
configure:2605: result: none needed
configure:2625: checking for gcc option to accept ISO C99
configure:2774: gcc  -c -g -O2  conftest.c >&5
configure:2774: $? = 0
configure:2787: result: none needed
configure:2860: checking for g++
configure:2876: found /usr/bin/g++
configure:2887: result: g++
configure:2914: checking for C++ compiler version
configure:2923: g++ --version >&5
g++ (GCC) 13.2.1 20230801
Copyright (C) 2023 Free Software Foundation, Inc.
This is free software; see the source for copying conditions.  There is NO
warranty; not even for MERCHANTABILITY or FITNESS FOR A PARTICULAR PURPOSE.

configure:2934: $? = 0
configure:2923: g++ -v >&5
Using built-in specs.
COLLECT_GCC=g++
COLLECT_LTO_WRAPPER=/usr/lib/gcc/x86_64-pc-linux-gnu/13.2.1/lto-wrapper
Target: x86_64-pc-linux-gnu
Configured with: /build/gcc/src/gcc/configure --enable-languages=ada,c,c++,d,fortran,go,lto,objc,obj-c++ --enable-bootstrap --prefix=/usr --libdir=/usr/lib --libexecdir=/usr/lib --mandir=/usr/share/man --infodir=/usr/share/info --with-bugurl=https://bugs.archlinux.org/ --with-build-config=bootstrap-lto --with-linker-hash-style=gnu --with-system-zlib --enable-__cxa_atexit --enable-cet=auto --enable-checking=release --enable-clocale=gnu --enable-default-pie --enable-default-ssp --enable-gnu-indirect-function --enable-gnu-unique-object --enable-libstdcxx-backtrace --enable-link-serialization=1 --enable-linker-build-id --enable-lto --enable-multilib --enable-plugin --enable-shared --enable-threads=posix --disable-libssp --disable-libstdcxx-pch --disable-werror
Thread model: posix
Supported LTO compression algorithms: zlib zstd
gcc version 13.2.1 20230801 (GCC) 
configure:2934: $? = 0
configure:2923: g++ -V >&5
g++: error: unrecognized command-line option '-V'
g++: fatal error: no input files
compilation terminated.
configure:2934: $? = 1
configure:2923: g++ -qversion >&5
g++: error: unrecognized command-line option '-qversion'; did you mean '--version'?
g++: fatal error: no input files
compilation terminated.
configure:2934: $? = 1
configure:2938: checking whether we are using the GNU C++ compiler
configure:2957: g++ -c   conftest.cpp >&5
configure:2957: $? = 0
configure:2966: result: yes
configure:2975: checking whether g++ accepts -g
configure:2995: g++ -c -g  conftest.cpp >&5
configure:2995: $? = 0
configure:3036: result: yes
configure:3083: checking for mkoctfile
configure:3099: found /usr/bin/mkoctfile
configure:3110: result: yes
configure:3128: checking for Pa_GetHostApiCount in -lportaudio
configure:3153: gcc -o conftest -g -O2   conftest.c -lportaudio   >&5
configure:3153: $? = 0
configure:3162: result: yes
configure:3319: creating ./config.status

## ---------------------- ##
## Running config.status. ##
## ---------------------- ##

This file was extended by LTFAT config.status 2.5.0, which was
generated by GNU Autoconf 2.69.  Invocation command line was

  CONFIG_FILES    = 
  CONFIG_HEADERS  = 
  CONFIG_LINKS    = 
  CONFIG_COMMANDS = 
  $ ./config.status 

on allthatsounds

config.status:725: creating Makefile

## ---------------- ##
## Cache variables. ##
## ---------------- ##

ac_cv_c_compiler_gnu=yes
ac_cv_cxx_compiler_gnu=yes
ac_cv_env_CCC_set=
ac_cv_env_CCC_value=
ac_cv_env_CC_set=
ac_cv_env_CC_value=
ac_cv_env_CFLAGS_set=
ac_cv_env_CFLAGS_value=
ac_cv_env_CPPFLAGS_set=
ac_cv_env_CPPFLAGS_value=
ac_cv_env_CXXFLAGS_set=
ac_cv_env_CXXFLAGS_value=
ac_cv_env_CXX_set=
ac_cv_env_CXX_value=
ac_cv_env_LDFLAGS_set=
ac_cv_env_LDFLAGS_value=
ac_cv_env_LIBS_set=
ac_cv_env_LIBS_value=
ac_cv_env_build_alias_set=
ac_cv_env_build_alias_value=
ac_cv_env_host_alias_set=
ac_cv_env_host_alias_value=
ac_cv_env_target_alias_set=
ac_cv_env_target_alias_value=
ac_cv_lib_portaudio_Pa_GetHostApiCount=yes
ac_cv_objext=o
ac_cv_prog_MKOCTFILE_CHECK=yes
ac_cv_prog_ac_ct_CC=gcc
ac_cv_prog_ac_ct_CXX=g++
ac_cv_prog_cc_c89=
ac_cv_prog_cc_c99=
ac_cv_prog_cc_g=yes
ac_cv_prog_cxx_g=yes

## ----------------- ##
## Output variables. ##
## ----------------- ##

CC='gcc'
CFLAGS='-g -O2'
CPPFLAGS=''
CXX='g++'
CXXFLAGS='-g -O2'
DEFS='-DPACKAGE_NAME=\"LTFAT\" -DPACKAGE_TARNAME=\"ltfat\" -DPACKAGE_VERSION=\"2.5.0\" -DPACKAGE_STRING=\"LTFAT\ 2.5.0\" -DPACKAGE_BUGREPORT=\"http://github.com/ltfat/ltfat/issues\" -DPACKAGE_URL=\"\"'
ECHO_C=''
ECHO_N='-n'
ECHO_T=''
EXEEXT=''
LDFLAGS=''
LIBOBJS=''
LIBS=''
LTLIBOBJS=''
MKOCTFILE_CHECK='yes'
OBJEXT='o'
PACKAGE_BUGREPORT='http://github.com/ltfat/ltfat/issues'
PACKAGE_NAME='LTFAT'
PACKAGE_STRING='LTFAT 2.5.0'
PACKAGE_TARNAME='ltfat'
PACKAGE_URL=''
PACKAGE_VERSION='2.5.0'
PATH_SEPARATOR=':'
SHELL='/bin/sh'
ac_ct_CC='gcc'
ac_ct_CXX='g++'
bindir='${exec_prefix}/bin'
build_alias=''
datadir='${datarootdir}'
datarootdir='${prefix}/share'
docdir='${datarootdir}/doc/${PACKAGE_TARNAME}'
dvidir='${docdir}'
exec_prefix='${prefix}'
have_libportaudio='1'
host_alias=''
htmldir='${docdir}'
includedir='${prefix}/include'
infodir='${datarootdir}/info'
libdir='${exec_prefix}/lib'
libexecdir='${exec_prefix}/libexec'
localedir='${datarootdir}/locale'
localstatedir='${prefix}/var'
mandir='${datarootdir}/man'
oldincludedir='/usr/include'
pdfdir='${docdir}'
prefix='/usr/local'
program_transform_name='s,x,x,'
psdir='${docdir}'
runstatedir='${localstatedir}/run'
sbindir='${exec_prefix}/sbin'
sharedstatedir='${prefix}/com'
sysconfdir='${prefix}/etc'
target_alias=''

## ----------- ##
## confdefs.h. ##
## ----------- ##

/* confdefs.h */
#define PACKAGE_NAME "LTFAT"
#define PACKAGE_TARNAME "ltfat"
#define PACKAGE_VERSION "2.5.0"
#define PACKAGE_STRING "LTFAT 2.5.0"
#define PACKAGE_BUGREPORT "http://github.com/ltfat/ltfat/issues"
#define PACKAGE_URL ""

configure: exit 0
